[2025-10-07 22:04:54] [INFO]    This is an INFO message. 
[2025-10-07 22:04:54] [SUCCESS] This is a SUCCESS message. 
[2025-10-07 22:04:54] [WARNING] This is a WARNING message. 
[2025-10-07 22:04:54] [ERROR]   This is an ERROR message. 
[2025-10-07 22:04:54] [DEBUG]   This is a DEBUG message. 
[2025-10-07 22:04:54] [TRACE] > ../includes/shlog.sh:5 (Entering function test_func) 
[2025-10-07 22:04:54] [TRACE] > ../includes/shlog.sh:5 (Exiting function test_func) 
[2025-10-07 22:04:54] [TRACE] > ../includes/shlog.sh:5 (Script entry point) 
[2025-10-07 22:04:54] [TRACE] > ../includes/shlog.sh:5 (Script exit point) 
[2025-10-07 22:04:54] [INFO]    This INFO message should NOT appear on STDOUT. 
[2025-10-07 22:04:54] [WARNING] This WARNING message SHOULD appear on STDOUT. 
[2025-10-07 22:04:54] [ERROR]   This ERROR message SHOULD appear on STDOUT. 
[2025-10-07 22:06:13] [INFO]    This is an INFO message. 
[2025-10-07 22:06:13] [SUCCESS] This is a SUCCESS message. 
[2025-10-07 22:06:13] [WARNING] This is a WARNING message. 
[2025-10-07 22:06:13] [ERROR]   This is an ERROR message. 
[2025-10-07 22:06:13] [DEBUG]   This is a DEBUG message. 
[2025-10-07 22:06:13] [TRACE] > ../includes/shlog.sh:5 (Entering function test_func) 
[2025-10-07 22:06:13] [TRACE] > ../includes/shlog.sh:5 (Exiting function test_func) 
[2025-10-07 22:06:13] [TRACE] > ../includes/shlog.sh:5 (Script entry point) 
[2025-10-07 22:06:13] [TRACE] > ../includes/shlog.sh:5 (Script exit point) 
[2025-10-07 22:06:13] [INFO]    This INFO message should NOT appear on STDOUT. 
[2025-10-07 22:06:13] [WARNING] This WARNING message SHOULD appear on STDOUT. 
[2025-10-07 22:06:13] [ERROR]   This ERROR message SHOULD appear on STDOUT. 
[2025-10-07 22:06:17] [INFO]    This is an INFO message. 
[2025-10-07 22:06:17] [SUCCESS] This is a SUCCESS message. 
[2025-10-07 22:06:17] [WARNING] This is a WARNING message. 
[2025-10-07 22:06:17] [ERROR]   This is an ERROR message. 
[2025-10-07 22:06:17] [DEBUG]   This is a DEBUG message. 
[2025-10-07 22:06:17] [TRACE] > ../includes/shlog.sh:5 (Entering function test_func) 
[2025-10-07 22:06:17] [TRACE] > ../includes/shlog.sh:5 (Exiting function test_func) 
[2025-10-07 22:06:17] [TRACE] > ../includes/shlog.sh:5 (Script entry point) 
[2025-10-07 22:06:17] [TRACE] > ../includes/shlog.sh:5 (Script exit point) 
[2025-10-07 22:06:17] [INFO]    This INFO message should NOT appear on STDOUT. 
[2025-10-07 22:06:17] [WARNING] This WARNING message SHOULD appear on STDOUT. 
[2025-10-07 22:06:17] [ERROR]   This ERROR message SHOULD appear on STDOUT. 
[2025-10-07 22:19:00] [INFO]    This is an INFO message. 
[2025-10-07 22:19:00] [SUCCESS] This is a SUCCESS message. 
[2025-10-07 22:19:00] [WARNING] This is a WARNING message. 
[2025-10-07 22:19:00] [ERROR]   This is an ERROR message. 
[2025-10-07 22:19:00] [DEBUG]   This is a DEBUG message. 
[2025-10-07 22:19:00] [TRACE] > trace_in:4 (Entering function test_func) 
[2025-10-07 22:19:00] [TRACE] > trace_out:4 (Exiting function test_func) 
[2025-10-07 22:19:00] [TRACE] > SCRIPTENTRY:5 (Script entry point) 
[2025-10-07 22:19:00] [TRACE] > SCRIPTEXIT:5 (Script exit point) 
[2025-10-07 22:19:00] [INFO]    This INFO message should NOT appear on STDOUT. 
[2025-10-07 22:19:00] [WARNING] This WARNING message SHOULD appear on STDOUT. 
[2025-10-07 22:19:00] [ERROR]   This ERROR message SHOULD appear on STDOUT. 
[2026-02-17 16:45:29] [INFO]    This is an INFO message. 
[2026-02-17 16:45:29] [SUCCESS] This is a SUCCESS message. 
[2026-02-17 16:45:29] [WARNING] This is a WARNING message. 
[2026-02-17 16:45:29] [ERROR]   This is an ERROR message. 
[2026-02-17 16:45:29] [DEBUG]   This is a DEBUG message. 
[2026-02-17 16:45:29] [TRACE] > ../includes/shlog.sh:5 (Entering function test_func) 
[2026-02-17 16:45:29] [TRACE] > ../includes/shlog.sh:5 (Exiting function test_func) 
[2026-02-17 16:45:29] [TRACE] > ../includes/shlog.sh:5 (Script entry point) 
[2026-02-17 16:45:29] [TRACE] > ../includes/shlog.sh:5 (Script exit point) 
[2026-02-17 16:45:29] [INFO]    This INFO message should NOT appear on STDOUT. 
[2026-02-17 16:45:29] [WARNING] This WARNING message SHOULD appear on STDOUT. 
[2026-02-17 16:45:29] [ERROR]   This ERROR message SHOULD appear on STDOUT. 
